ERROR - 2023-11-10 03:46:33 --> Error connecting to the database: mysqli_sql_exception: Unknown database 'pesolink' in C:\Users\Acer\Desktop\FINALACT-main\system\Database\MySQLi\Connection.php:185
Stack trace:
#0 C:\Users\Acer\Desktop\FINALACT-main\system\Database\MySQLi\Connection.php(185): mysqli->real_connect('localhost', 'root', '', 'pesolink', 3306, '', 0)
#1 C:\Users\Acer\Desktop\FINALACT-main\system\Database\BaseConnection.php(391): CodeIgniter\Database\MySQLi\Connection->connect(false)
#2 C:\Users\Acer\Desktop\FINALACT-main\system\Database\BaseConnection.php(574): CodeIgniter\Database\BaseConnection->initialize()
#3 C:\Users\Acer\Desktop\FINALACT-main\system\Database\BaseBuilder.php(1615): CodeIgniter\Database\BaseConnection->query('SELECT *\nFROM `...', Array, false)
#4 C:\Users\Acer\Desktop\FINALACT-main\system\Model.php(237): CodeIgniter\Database\BaseBuilder->get()
#5 C:\Users\Acer\Desktop\FINALACT-main\system\BaseModel.php(624): CodeIgniter\Model->doFindAll(0, 0)
#6 C:\Users\Acer\Desktop\FINALACT-main\app\Controllers\EmployerController.php(34): CodeIgniter\BaseModel->findAll()
#7 C:\Users\Acer\Desktop\FINALACT-main\system\CodeIgniter.php(919): App\Controllers\EmployerController->jobpost()
#8 C:\Users\Acer\Desktop\FINALACT-main\system\CodeIgniter.php(494): CodeIgniter\CodeIgniter->runController(Object(App\Controllers\EmployerController))
#9 C:\Users\Acer\Desktop\FINALACT-main\system\CodeIgniter.php(353): CodeIgniter\CodeIgniter->handleRequest(NULL, Object(Config\Cache), false)
#10 C:\Users\Acer\Desktop\FINALACT-main\public\index.php(79): CodeIgniter\CodeIgniter->run()
#11 C:\Users\Acer\Desktop\FINALACT-main\system\Commands\Server\rewrite.php(47): require_once('C:\\Users\\Acer\\D...')
#12 {main}

Next CodeIgniter\Database\Exceptions\DatabaseException: Unknown database 'pesolink' in C:\Users\Acer\Desktop\FINALACT-main\system\Database\MySQLi\Connection.php:229
Stack trace:
#0 C:\Users\Acer\Desktop\FINALACT-main\system\Database\BaseConnection.php(391): CodeIgniter\Database\MySQLi\Connection->connect(false)
#1 C:\Users\Acer\Desktop\FINALACT-main\system\Database\BaseConnection.php(574): CodeIgniter\Database\BaseConnection->initialize()
#2 C:\Users\Acer\Desktop\FINALACT-main\system\Database\BaseBuilder.php(1615): CodeIgniter\Database\BaseConnection->query('SELECT *\nFROM `...', Array, false)
#3 C:\Users\Acer\Desktop\FINALACT-main\system\Model.php(237): CodeIgniter\Database\BaseBuilder->get()
#4 C:\Users\Acer\Desktop\FINALACT-main\system\BaseModel.php(624): CodeIgniter\Model->doFindAll(0, 0)
#5 C:\Users\Acer\Desktop\FINALACT-main\app\Controllers\EmployerController.php(34): CodeIgniter\BaseModel->findAll()
#6 C:\Users\Acer\Desktop\FINALACT-main\system\CodeIgniter.php(919): App\Controllers\EmployerController->jobpost()
#7 C:\Users\Acer\Desktop\FINALACT-main\system\CodeIgniter.php(494): CodeIgniter\CodeIgniter->runController(Object(App\Controllers\EmployerController))
#8 C:\Users\Acer\Desktop\FINALACT-main\system\CodeIgniter.php(353): CodeIgniter\CodeIgniter->handleRequest(NULL, Object(Config\Cache), false)
#9 C:\Users\Acer\Desktop\FINALACT-main\public\index.php(79): CodeIgniter\CodeIgniter->run()
#10 C:\Users\Acer\Desktop\FINALACT-main\system\Commands\Server\rewrite.php(47): require_once('C:\\Users\\Acer\\D...')
#11 {main}
CRITICAL - 2023-11-10 03:46:33 --> Unable to connect to the database.
Main connection [MySQLi]: Unknown database 'pesolink'
in SYSTEMPATH\Database\BaseConnection.php on line 427.
 1 SYSTEMPATH\Database\BaseConnection.php(574): CodeIgniter\Database\BaseConnection->initialize()
 2 SYSTEMPATH\Database\BaseBuilder.php(1615): CodeIgniter\Database\BaseConnection->query('SELECT *
FROM `postjob`', [], false)
 3 SYSTEMPATH\Model.php(237): CodeIgniter\Database\BaseBuilder->get()
 4 SYSTEMPATH\BaseModel.php(624): CodeIgniter\Model->doFindAll(0, 0)
 5 APPPATH\Controllers\EmployerController.php(34): CodeIgniter\BaseModel->findAll()
 6 SYSTEMPATH\CodeIgniter.php(919): App\Controllers\EmployerController->jobpost()
 7 SYSTEMPATH\CodeIgniter.php(494): CodeIgniter\CodeIgniter->runController(Object(App\Controllers\EmployerController))
 8 SYSTEMPATH\CodeIgniter.php(353): CodeIgniter\CodeIgniter->handleRequest(null, Object(Config\Cache), false)
 9 FCPATH\index.php(79): CodeIgniter\CodeIgniter->run()
10 SYSTEMPATH\Commands\Server\rewrite.php(47): require_once('C:\\Users\\Acer\\Desktop\\FINALACT-main\\public\\index.php')
