CRITICAL - 2023-11-13 03:38:48 --> Invalid file: "User/myhome.php"
in SYSTEMPATH\Exceptions\FrameworkException.php on line 39.
 1 SYSTEMPATH\View\View.php(214): CodeIgniter\Exceptions\FrameworkException::forInvalidFile('User/myhome.php')
 2 SYSTEMPATH\Common.php(1188): CodeIgniter\View\View->render('User/myhome', [], true)
 3 APPPATH\Controllers\UserController.php(14): view('User/myhome')
 4 SYSTEMPATH\CodeIgniter.php(919): App\Controllers\UserController->userhome()
 5 SYSTEMPATH\CodeIgniter.php(494): CodeIgniter\CodeIgniter->runController(Object(App\Controllers\UserController))
 6 SYSTEMPATH\CodeIgniter.php(353): CodeIgniter\CodeIgniter->handleRequest(null, Object(Config\Cache), false)
 7 FCPATH\index.php(85): CodeIgniter\CodeIgniter->run()
 8 SYSTEMPATH\Commands\Server\rewrite.php(47): require_once('C:\\Users\\Acer\\Desktop\\finalact\\public\\index.php')
CRITICAL - 2023-11-13 03:38:48 --> Invalid file: "User/myhome.php"
in SYSTEMPATH\Exceptions\FrameworkException.php on line 39.
 1 SYSTEMPATH\View\View.php(214): CodeIgniter\Exceptions\FrameworkException::forInvalidFile('User/myhome.php')
 2 SYSTEMPATH\Common.php(1188): CodeIgniter\View\View->render('User/myhome', [], true)
 3 APPPATH\Controllers\UserController.php(14): view('User/myhome')
 4 SYSTEMPATH\CodeIgniter.php(919): App\Controllers\UserController->userhome()
 5 SYSTEMPATH\CodeIgniter.php(494): CodeIgniter\CodeIgniter->runController(Object(App\Controllers\UserController))
 6 SYSTEMPATH\CodeIgniter.php(353): CodeIgniter\CodeIgniter->handleRequest(null, Object(Config\Cache), false)
 7 FCPATH\index.php(85): CodeIgniter\CodeIgniter->run()
 8 SYSTEMPATH\Commands\Server\rewrite.php(47): require_once('C:\\Users\\Acer\\Desktop\\finalact\\public\\index.php')
CRITICAL - 2023-11-13 03:38:49 --> Invalid file: "User/myhome.php"
in SYSTEMPATH\Exceptions\FrameworkException.php on line 39.
 1 SYSTEMPATH\View\View.php(214): CodeIgniter\Exceptions\FrameworkException::forInvalidFile('User/myhome.php')
 2 SYSTEMPATH\Common.php(1188): CodeIgniter\View\View->render('User/myhome', [], true)
 3 APPPATH\Controllers\UserController.php(14): view('User/myhome')
 4 SYSTEMPATH\CodeIgniter.php(919): App\Controllers\UserController->userhome()
 5 SYSTEMPATH\CodeIgniter.php(494): CodeIgniter\CodeIgniter->runController(Object(App\Controllers\UserController))
 6 SYSTEMPATH\CodeIgniter.php(353): CodeIgniter\CodeIgniter->handleRequest(null, Object(Config\Cache), false)
 7 FCPATH\index.php(85): CodeIgniter\CodeIgniter->run()
 8 SYSTEMPATH\Commands\Server\rewrite.php(47): require_once('C:\\Users\\Acer\\Desktop\\finalact\\public\\index.php')
